Determining if the pthread_create exist failed with the following output:
Change Dir: /home/jwhan/ekf_ws/src/pharos_drivers/ebimu_driver/cmake-build-debug/CMakeFiles/CMakeTmp

Run Build Command:"/usr/bin/make" "cmTC_67f5f/fast"
/usr/bin/make -f CMakeFiles/cmTC_67f5f.dir/build.make CMakeFiles/cmTC_67f5f.dir/build
make[1]: Entering directory '/home/jwhan/ekf_ws/src/pharos_drivers/ebimu_driver/cmake-build-debug/CMakeFiles/CMakeTmp'
Building C object CMakeFiles/cmTC_67f5f.dir/CheckSymbolExists.c.o
/usr/bin/cc    -o CMakeFiles/cmTC_67f5f.dir/CheckSymbolExists.c.o   -c /home/jwhan/ekf_ws/src/pharos_drivers/ebimu_driver/cmake-build-debug/CMakeFiles/CMakeTmp/CheckSymbolExists.c
Linking C executable cmTC_67f5f
/opt/clion-2018.3.2/bin/cmake/linux/bin/cmake -E cmake_link_script CMakeFiles/cmTC_67f5f.dir/link.txt --verbose=1
/usr/bin/cc      -rdynamic CMakeFiles/cmTC_67f5f.dir/CheckSymbolExists.c.o  -o cmTC_67f5f 
CMakeFiles/cmTC_67f5f.dir/CheckSymbolExists.c.o: In function `main':
CheckSymbolExists.c:(.text+0x16): undefined reference to `pthread_create'
collect2: error: ld returned 1 exit status
CMakeFiles/cmTC_67f5f.dir/build.make:86: recipe for target 'cmTC_67f5f' failed
make[1]: *** [cmTC_67f5f] Error 1
make[1]: Leaving directory '/home/jwhan/ekf_ws/src/pharos_drivers/ebimu_driver/cmake-build-debug/CMakeFiles/CMakeTmp'
Makefile:121: recipe for target 'cmTC_67f5f/fast' failed
make: *** [cmTC_67f5f/fast] Error 2

File /home/jwhan/ekf_ws/src/pharos_drivers/ebimu_driver/cmake-build-debug/CMakeFiles/CMakeTmp/CheckSymbolExists.c:
/* */
#include <pthread.h>

int main(int argc, char** argv)
{
  (void)argv;
#ifndef pthread_create
  return ((int*)(&pthread_create))[argc];
#else
  (void)argc;
  return 0;
#endif
}

Determining if the function pthread_create exists in the pthreads failed with the following output:
Change Dir: /home/jwhan/ekf_ws/src/pharos_drivers/ebimu_driver/cmake-build-debug/CMakeFiles/CMakeTmp

Run Build Command:"/usr/bin/make" "cmTC_37c58/fast"
/usr/bin/make -f CMakeFiles/cmTC_37c58.dir/build.make CMakeFiles/cmTC_37c58.dir/build
make[1]: Entering directory '/home/jwhan/ekf_ws/src/pharos_drivers/ebimu_driver/cmake-build-debug/CMakeFiles/CMakeTmp'
Building C object CMakeFiles/cmTC_37c58.dir/CheckFunctionExists.c.o
/usr/bin/cc   -DCHECK_FUNCTION_EXISTS=pthread_create   -o CMakeFiles/cmTC_37c58.dir/CheckFunctionExists.c.o   -c /opt/clion-2018.3.2/bin/cmake/linux/share/cmake-3.13/Modules/CheckFunctionExists.c
Linking C executable cmTC_37c58
/opt/clion-2018.3.2/bin/cmake/linux/bin/cmake -E cmake_link_script CMakeFiles/cmTC_37c58.dir/link.txt --verbose=1
/usr/bin/cc  -DCHECK_FUNCTION_EXISTS=pthread_create    -rdynamic CMakeFiles/cmTC_37c58.dir/CheckFunctionExists.c.o  -o cmTC_37c58 -lpthreads 
/usr/bin/ld: cannot find -lpthreads
collect2: error: ld returned 1 exit status
CMakeFiles/cmTC_37c58.dir/build.make:86: recipe for target 'cmTC_37c58' failed
make[1]: *** [cmTC_37c58] Error 1
make[1]: Leaving directory '/home/jwhan/ekf_ws/src/pharos_drivers/ebimu_driver/cmake-build-debug/CMakeFiles/CMakeTmp'
Makefile:121: recipe for target 'cmTC_37c58/fast' failed
make: *** [cmTC_37c58/fast] Error 2


